{"/Users/sullivas/Desktop/_PROJECTS/sullivan-scott/src/components/home/home.scss": {"path":"/Users/sullivas/Desktop/_PROJECTS/sullivan-scott/src/components/home/home.scss","statementMap":{"0":{"start":{"line":4,"column":17},"end":{"line":4,"column":184}},"1":{"start":{"line":6,"column":4},"end":{"line":27,"column":5}},"2":{"start":{"line":7,"column":8},"end":{"line":9,"column":11}},"3":{"start":{"line":10,"column":8},"end":{"line":21,"column":11}},"4":{"start":{"line":12,"column":16},"end":{"line":14,"column":17}},"5":{"start":{"line":13,"column":20},"end":{"line":13,"column":34}},"6":{"start":{"line":15,"column":16},"end":{"line":15,"column":36}},"7":{"start":{"line":19,"column":16},"end":{"line":19,"column":30}},"8":{"start":{"line":23,"column":8},"end":{"line":25,"column":11}},"9":{"start":{"line":26,"column":8},"end":{"line":26,"column":31}}},"fnMap":{"0":{"name":"(anonymous_0)","decl":{"start":{"line":11,"column":12},"end":{"line":11,"column":13}},"loc":{"start":{"line":11,"column":30},"end":{"line":16,"column":13}},"line":11},"1":{"name":"(anonymous_1)","decl":{"start":{"line":18,"column":12},"end":{"line":18,"column":13}},"loc":{"start":{"line":18,"column":29},"end":{"line":20,"column":13}},"line":18}},"branchMap":{"0":{"loc":{"start":{"line":6,"column":4},"end":{"line":27,"column":5}},"type":"if","locations":[{"start":{"line":6,"column":4},"end":{"line":27,"column":5}},{"start":{"line":6,"column":4},"end":{"line":27,"column":5}}],"line":6},"1":{"loc":{"start":{"line":6,"column":8},"end":{"line":6,"column":44}},"type":"binary-expr","locations":[{"start":{"line":6,"column":8},"end":{"line":6,"column":34}},{"start":{"line":6,"column":38},"end":{"line":6,"column":44}}],"line":6},"2":{"loc":{"start":{"line":12,"column":16},"end":{"line":14,"column":17}},"type":"if","locations":[{"start":{"line":12,"column":16},"end":{"line":14,"column":17}},{"start":{"line":12,"column":16},"end":{"line":14,"column":17}}],"line":12}},"s":{"0":1,"1":1,"2":1,"3":1,"4":2,"5":1,"6":1,"7":0,"8":0,"9":0},"f":{"0":2,"1":0},"b":{"0":[1,0],"1":[1,1],"2":[1,1]},"_coverageSchema":"43e27e138ebf9cfc5966b082cf9a028302ed4184","hash":"400891854c83b224dfaa39e830583ad222c8a362"}
}
