{
  "/Users/sullivas/Desktop/_PROJECTS/sullivan-scott/config/mocks/styleMock.js": { "path": "/Users/sullivas/Desktop/_PROJECTS/sullivan-scott/config/mocks/styleMock.js", "statementMap": { "0": { "start": { "line": 3, "column": 0 }, "end": { "line": 3, "column": 19 } } }, "fnMap": {}, "branchMap": {}, "s": { "0": 1 }, "f": {}, "b": {}, "_coverageSchema": "43e27e138ebf9cfc5966b082cf9a028302ed4184", "hash": "42616cb10aa07ce998a5e986fcf25f0fe5d66a48" },
  "/Users/sullivas/Desktop/_PROJECTS/sullivan-scott/src/containers/home/Home.tsx": {
    "path": "/Users/sullivas/Desktop/_PROJECTS/sullivan-scott/src/containers/home/Home.tsx",
    "statementMap": {
      "0": { "start": { "line": 1, "column": 0 }, "end": { "line": 1, "column": 30 } },
      "1": { "start": { "line": 2, "column": 0 }, "end": { "line": 2, "column": 38 } },
      "2": { "start": { "line": 4, "column": 0 }, "end": { "line": 4, "column": 36 } },
      "3": { "start": { "line": 17, "column": 49 }, "end": { "line": 63, "column": null } },
      "4": { "start": { "line": 24, "column": 2 }, "end": { "line": 62, "column": null } },
      "5": { "start": { "line": 54, "column": 12 }, "end": { "line": 57, "column": 14 } },
      "6": { "start": { "line": 66, "column": 0 }, "end": { "line": 66, "column": null } }
    },
    "fnMap": { "0": { "name": "(anonymous_0)", "decl": { "start": { "line": 17, "column": 49 }, "end": { "line": 17, "column": 50 } }, "loc": { "start": { "line": 24, "column": 2 }, "end": { "line": 62, "column": null } } }, "1": { "name": "(anonymous_1)", "decl": { "start": { "line": 53, "column": 19 }, "end": { "line": 53, "column": 22 } }, "loc": { "start": { "line": 54, "column": 12 }, "end": { "line": 57, "column": 14 } } } },
    "branchMap": { "0": { "loc": { "start": { "line": 25, "column": 67 }, "end": { "line": 25, "column": 87 } }, "type": "cond-expr", "locations": [{ "start": { "line": 25, "column": 67 }, "end": { "line": 25, "column": 87 } }, { "start": { "line": 25, "column": 90 }, "end": { "line": 25, "column": 112 } }] } },
    "s": { "0": 1, "1": 1, "2": 1, "3": 1, "4": 1, "5": 0, "6": 1 },
    "f": { "0": 1, "1": 0 },
    "b": { "0": [0, 1] }
  }
}
