TN:
SF:/Users/sullivas/Desktop/_PROJECTS/sullivan-scott/src/App.tsx
FN:18,(anonymous_0)
FN:19,(anonymous_1)
FN:23,(anonymous_2)
FN:28,(anonymous_3)
FN:31,(anonymous_4)
FN:35,(anonymous_5)
FN:39,(anonymous_6)
FNF:7
FNH:7
FNDA:9,(anonymous_0)
FNDA:13,(anonymous_1)
FNDA:13,(anonymous_2)
FNDA:4,(anonymous_3)
FNDA:4,(anonymous_4)
FNDA:4,(anonymous_5)
FNDA:1,(anonymous_6)
DA:1,1
DA:2,1
DA:3,1
DA:5,1
DA:6,1
DA:8,1
DA:9,1
DA:10,1
DA:11,1
DA:18,1
DA:19,13
DA:23,13
DA:25,9
DA:26,9
DA:28,9
DA:29,4
DA:31,9
DA:32,4
DA:35,9
DA:36,4
DA:37,4
DA:38,4
DA:39,4
DA:40,1
DA:41,1
DA:45,9
DA:47,9
DA:49,9
DA:51,9
DA:82,1
LF:30
LH:30
BRDA:47,0,0,3
BRDA:47,0,1,6
BRDA:47,1,0,2
BRDA:47,1,1,4
BRF:4
BRH:4
end_of_record
TN:
SF:/Users/sullivas/Desktop/_PROJECTS/sullivan-scott/src/containers/about/About.tsx
FN:17,(anonymous_0)
FN:52,(anonymous_1)
FN:57,(anonymous_2)
FNF:3
FNH:3
FNDA:10,(anonymous_0)
FNDA:30,(anonymous_1)
FNDA:180,(anonymous_2)
DA:1,2
DA:2,2
DA:17,2
DA:26,10
DA:53,30
DA:58,180
DA:70,2
LF:7
LH:7
BRDA:30,0,0,3
BRDA:30,0,1,7
BRDA:31,1,0,10
BRDA:31,1,1,10
BRF:4
BRH:4
end_of_record
TN:
SF:/Users/sullivas/Desktop/_PROJECTS/sullivan-scott/src/containers/contact/Contact.tsx
FN:21,(anonymous_0)
FN:22,(anonymous_1)
FNF:2
FNH:2
FNDA:10,(anonymous_0)
FNDA:30,(anonymous_1)
DA:1,2
DA:2,2
DA:4,2
DA:5,2
DA:21,2
DA:22,10
DA:23,30
DA:45,10
DA:47,10
DA:64,2
LF:10
LH:10
BRDA:25,0,0,30
BRDA:25,0,1,12
BRDA:51,1,0,6
BRDA:51,1,1,4
BRDA:51,2,0,10
BRDA:51,2,1,8
BRF:6
BRH:6
end_of_record
TN:
SF:/Users/sullivas/Desktop/_PROJECTS/sullivan-scott/src/containers/home/Home.tsx
FN:17,(anonymous_0)
FN:56,(anonymous_1)
FNF:2
FNH:2
FNDA:11,(anonymous_0)
FNDA:1,(anonymous_1)
DA:1,2
DA:2,2
DA:4,2
DA:17,2
DA:24,11
DA:57,1
DA:69,2
LF:7
LH:7
BRDA:25,0,0,5
BRDA:25,0,1,6
BRF:2
BRH:2
end_of_record
TN:
SF:/Users/sullivas/Desktop/_PROJECTS/sullivan-scott/src/helpers/ErrorBoundary.tsx
FN:19,(anonymous_0)
FN:27,(anonymous_1)
FN:30,(anonymous_2)
FN:39,(anonymous_3)
FNF:4
FNH:4
FNDA:27,(anonymous_0)
FNDA:3,(anonymous_1)
FNDA:1,(anonymous_2)
FNDA:54,(anonymous_3)
DA:1,2
DA:15,2
DA:20,27
DA:21,27
DA:28,3
DA:29,3
DA:30,1
DA:32,2
DA:35,2
DA:40,54
DA:41,54
DA:43,54
DA:44,52
DA:48,2
LF:14
LH:14
BRDA:29,0,0,1
BRDA:29,0,1,2
BRDA:35,1,0,1
BRDA:35,1,1,1
BRDA:43,2,0,2
BRDA:43,2,1,52
BRDA:43,3,0,54
BRDA:43,3,1,2
BRDA:43,3,2,54
BRF:9
BRH:9
end_of_record
TN:
SF:/Users/sullivas/Desktop/_PROJECTS/sullivan-scott/src/helpers/content.js
FNF:0
FNH:0
DA:1,4
DA:55,4
LF:2
LH:2
BRF:0
BRH:0
end_of_record
TN:
SF:/Users/sullivas/Desktop/_PROJECTS/sullivan-scott/src/helpers/svg.js
FNF:0
FNH:0
DA:2,2
DA:4,2
DA:6,2
LF:3
LH:3
BRF:0
BRH:0
end_of_record
